Currently Loaded Modulefiles:
 1) lang/tcsds-1.2.24(default)  
Sun Mar 22 23:40:57 JST 2020
g25-4210s
++ for opt in "-O0 " "-O1 -Knounroll,noswp " "-O2 -Knounroll,noswp " "-Kfast,nounroll,noswp " "-Kfast "
++ CFLAGS='-O0  -Kopenmp -w '
++ mpifcc -c -O0 -Kopenmp -w sub.c
++ mpiFCC -O2 -Kopenmp -Nnofjprof -Nfjomplib -w main.o sub.o -L/usr/lib64 -lpapi -lpfm -L/home/g9200002/u92028/pmlib/usr_local_pmlib/fugaku/lib -lPMmpi -lpapi_ext -lmpi
++ mpirun -np 1 ./a.out
jwe1050i-w The hardware barrier couldn't be used and continues processing using the software barrier.
taken to (standard) corrective action, execution continuing.
*** error. <my_papi_add_events> :: <PAPI_add_events> state->EventSet=0, num_events=1
*** error. <my_papi_add_events> :: <PAPI_add_events> state->EventSet=0, num_events=1
*** error. <my_papi_bind_start> :: <PAPI_start>
<main> npes=1 max_threads=1
*** Error for event [0]
*** Error for event [1]
step 16384 finished in 26.370159 seconds
The counted events are:
*** error. <my_papi_bind_stop> :: <PAPI_stop>
#0, 8000006a                              PAPI_VEC_DP  0
#1, 80000069                              PAPI_VEC_SP  0
++ for opt in "-O0 " "-O1 -Knounroll,noswp " "-O2 -Knounroll,noswp " "-Kfast,nounroll,noswp " "-Kfast "
++ CFLAGS='-O1 -Knounroll,noswp  -Kopenmp -w '
++ mpifcc -c -O1 -Knounroll,noswp -Kopenmp -w sub.c
++ mpiFCC -O2 -Kopenmp -Nnofjprof -Nfjomplib -w main.o sub.o -L/usr/lib64 -lpapi -lpfm -L/home/g9200002/u92028/pmlib/usr_local_pmlib/fugaku/lib -lPMmpi -lpapi_ext -lmpi
++ mpirun -np 1 ./a.out
jwe1050i-w The hardware barrier couldn't be used and continues processing using the software barrier.
taken to (standard) corrective action, execution continuing.
*** error. <my_papi_add_events> :: <PAPI_add_events> state->EventSet=0, num_events=1
*** error. <my_papi_add_events> :: <PAPI_add_events> state->EventSet=0, num_events=1
*** error. <my_papi_bind_start> :: <PAPI_start>
<main> npes=1 max_threads=1
*** Error for event [0]
*** Error for event [1]
step 16384 finished in 3.447423 seconds
The counted events are:
*** error. <my_papi_bind_stop> :: <PAPI_stop>
#0, 8000006a                              PAPI_VEC_DP  0
#1, 80000069                              PAPI_VEC_SP  0
++ for opt in "-O0 " "-O1 -Knounroll,noswp " "-O2 -Knounroll,noswp " "-Kfast,nounroll,noswp " "-Kfast "
++ CFLAGS='-O2 -Knounroll,noswp  -Kopenmp -w '
++ mpifcc -c -O2 -Knounroll,noswp -Kopenmp -w sub.c
++ mpiFCC -O2 -Kopenmp -Nnofjprof -Nfjomplib -w main.o sub.o -L/usr/lib64 -lpapi -lpfm -L/home/g9200002/u92028/pmlib/usr_local_pmlib/fugaku/lib -lPMmpi -lpapi_ext -lmpi
++ mpirun -np 1 ./a.out
jwe1050i-w The hardware barrier couldn't be used and continues processing using the software barrier.
taken to (standard) corrective action, execution continuing.
*** error. <my_papi_add_events> :: <PAPI_add_events> state->EventSet=0, num_events=1
*** error. <my_papi_add_events> :: <PAPI_add_events> state->EventSet=0, num_events=1
*** error. <my_papi_bind_start> :: <PAPI_start>
<main> npes=1 max_threads=1
*** Error for event [0]
*** Error for event [1]
step 16384 finished in 0.222624 seconds
The counted events are:
*** error. <my_papi_bind_stop> :: <PAPI_stop>
#0, 8000006a                              PAPI_VEC_DP  0
#1, 80000069                              PAPI_VEC_SP  0
++ for opt in "-O0 " "-O1 -Knounroll,noswp " "-O2 -Knounroll,noswp " "-Kfast,nounroll,noswp " "-Kfast "
++ CFLAGS='-Kfast,nounroll,noswp  -Kopenmp -w '
++ mpifcc -c -Kfast,nounroll,noswp -Kopenmp -w sub.c
++ mpiFCC -O2 -Kopenmp -Nnofjprof -Nfjomplib -w main.o sub.o -L/usr/lib64 -lpapi -lpfm -L/home/g9200002/u92028/pmlib/usr_local_pmlib/fugaku/lib -lPMmpi -lpapi_ext -lmpi
++ mpirun -np 1 ./a.out
jwe1050i-w The hardware barrier couldn't be used and continues processing using the software barrier.
taken to (standard) corrective action, execution continuing.
*** error. <my_papi_add_events> :: <PAPI_add_events> state->EventSet=0, num_events=1
*** error. <my_papi_add_events> :: <PAPI_add_events> state->EventSet=0, num_events=1
*** error. <my_papi_bind_start> :: <PAPI_start>
<main> npes=1 max_threads=1
*** Error for event [0]
*** Error for event [1]
step 16384 finished in 0.221081 seconds
The counted events are:
*** error. <my_papi_bind_stop> :: <PAPI_stop>
#0, 8000006a                              PAPI_VEC_DP  0
#1, 80000069                              PAPI_VEC_SP  0
++ for opt in "-O0 " "-O1 -Knounroll,noswp " "-O2 -Knounroll,noswp " "-Kfast,nounroll,noswp " "-Kfast "
++ CFLAGS='-Kfast  -Kopenmp -w '
++ mpifcc -c -Kfast -Kopenmp -w sub.c
++ mpiFCC -O2 -Kopenmp -Nnofjprof -Nfjomplib -w main.o sub.o -L/usr/lib64 -lpapi -lpfm -L/home/g9200002/u92028/pmlib/usr_local_pmlib/fugaku/lib -lPMmpi -lpapi_ext -lmpi
++ mpirun -np 1 ./a.out
jwe1050i-w The hardware barrier couldn't be used and continues processing using the software barrier.
taken to (standard) corrective action, execution continuing.
*** error. <my_papi_add_events> :: <PAPI_add_events> state->EventSet=0, num_events=1
*** error. <my_papi_add_events> :: <PAPI_add_events> state->EventSet=0, num_events=1
*** error. <my_papi_bind_start> :: <PAPI_start>
<main> npes=1 max_threads=1
*** Error for event [0]
*** Error for event [1]
step 16384 finished in 0.209531 seconds
The counted events are:
*** error. <my_papi_bind_stop> :: <PAPI_stop>
#0, 8000006a                              PAPI_VEC_DP  0
#1, 80000069                              PAPI_VEC_SP  0
