Currently Loaded Modulefiles:
 1) lang/tcsds-1.2.24(default)  
Sun Mar 22 23:57:16 JST 2020
g27-4214c
++ for opt in "-O0 " "-O1 -Knounroll,noswp " "-O2 -Knounroll,noswp " "-Kfast,nounroll,noswp " "-Kfast "
++ CFLAGS='-O0  -Kopenmp -w '
++ mpifcc -c -O0 -Kopenmp -w sub.c
++ mpiFCC -O2 -Kopenmp -Nnofjprof -Nfjomplib -w main.o sub.o -L/usr/lib64 -lpapi -lpfm -L/home/g9200002/u92028/pmlib/usr_local_pmlib/fugaku/lib -lPMmpi -lpapi_ext -lmpi
++ mpirun -np 1 ./a.out
jwe1050i-w The hardware barrier couldn't be used and continues processing using the software barrier.
taken to (standard) corrective action, execution continuing.
<main> npes=1 max_threads=1
step 16384 finished in 26.371029 seconds
The counted events are:
#0, 40000026                     FP_DP_SCALE_OPS_SPEC  0
#1, 40000027                     FP_DP_FIXED_OPS_SPEC  0
#2, 40000024                     FP_SP_SCALE_OPS_SPEC  0
#3, 40000025                     FP_SP_FIXED_OPS_SPEC  2000000000
#4, 40000028                          FLA_VAL_PRD_CNT  65148634576
#5, 40000029                          FLB_VAL_PRD_CNT  19628856784
++ for opt in "-O0 " "-O1 -Knounroll,noswp " "-O2 -Knounroll,noswp " "-Kfast,nounroll,noswp " "-Kfast "
++ CFLAGS='-O1 -Knounroll,noswp  -Kopenmp -w '
++ mpifcc -c -O1 -Knounroll,noswp -Kopenmp -w sub.c
++ mpiFCC -O2 -Kopenmp -Nnofjprof -Nfjomplib -w main.o sub.o -L/usr/lib64 -lpapi -lpfm -L/home/g9200002/u92028/pmlib/usr_local_pmlib/fugaku/lib -lPMmpi -lpapi_ext -lmpi
++ mpirun -np 1 ./a.out
jwe1050i-w The hardware barrier couldn't be used and continues processing using the software barrier.
taken to (standard) corrective action, execution continuing.
<main> npes=1 max_threads=1
step 16384 finished in 3.447698 seconds
The counted events are:
#0, 40000026                     FP_DP_SCALE_OPS_SPEC  0
#1, 40000027                     FP_DP_FIXED_OPS_SPEC  0
#2, 40000024                     FP_SP_SCALE_OPS_SPEC  0
#3, 40000025                     FP_SP_FIXED_OPS_SPEC  2000000000
#4, 40000028                          FLA_VAL_PRD_CNT  12722462576
#5, 40000029                          FLB_VAL_PRD_CNT  19324060720
++ for opt in "-O0 " "-O1 -Knounroll,noswp " "-O2 -Knounroll,noswp " "-Kfast,nounroll,noswp " "-Kfast "
++ CFLAGS='-O2 -Knounroll,noswp  -Kopenmp -w '
++ mpifcc -c -O2 -Knounroll,noswp -Kopenmp -w sub.c
++ mpiFCC -O2 -Kopenmp -Nnofjprof -Nfjomplib -w main.o sub.o -L/usr/lib64 -lpapi -lpfm -L/home/g9200002/u92028/pmlib/usr_local_pmlib/fugaku/lib -lPMmpi -lpapi_ext -lmpi
++ mpirun -np 1 ./a.out
jwe1050i-w The hardware barrier couldn't be used and continues processing using the software barrier.
taken to (standard) corrective action, execution continuing.
<main> npes=1 max_threads=1
step 16384 finished in 0.215787 seconds
The counted events are:
#0, 40000026                     FP_DP_SCALE_OPS_SPEC  0
#1, 40000027                     FP_DP_FIXED_OPS_SPEC  0
#2, 40000024                     FP_SP_SCALE_OPS_SPEC  504000000
#3, 40000025                     FP_SP_FIXED_OPS_SPEC  0
#4, 40000028                          FLA_VAL_PRD_CNT  597538736
#5, 40000029                          FLB_VAL_PRD_CNT  1483452936
++ for opt in "-O0 " "-O1 -Knounroll,noswp " "-O2 -Knounroll,noswp " "-Kfast,nounroll,noswp " "-Kfast "
++ CFLAGS='-Kfast,nounroll,noswp  -Kopenmp -w '
++ mpifcc -c -Kfast,nounroll,noswp -Kopenmp -w sub.c
++ mpiFCC -O2 -Kopenmp -Nnofjprof -Nfjomplib -w main.o sub.o -L/usr/lib64 -lpapi -lpfm -L/home/g9200002/u92028/pmlib/usr_local_pmlib/fugaku/lib -lPMmpi -lpapi_ext -lmpi
++ mpirun -np 1 ./a.out
jwe1050i-w The hardware barrier couldn't be used and continues processing using the software barrier.
taken to (standard) corrective action, execution continuing.
<main> npes=1 max_threads=1
step 16384 finished in 0.202255 seconds
The counted events are:
#0, 40000026                     FP_DP_SCALE_OPS_SPEC  0
#1, 40000027                     FP_DP_FIXED_OPS_SPEC  0
#2, 40000024                     FP_SP_SCALE_OPS_SPEC  504000000
#3, 40000025                     FP_SP_FIXED_OPS_SPEC  0
#4, 40000028                          FLA_VAL_PRD_CNT  18684936
#5, 40000029                          FLB_VAL_PRD_CNT  1014948456
++ for opt in "-O0 " "-O1 -Knounroll,noswp " "-O2 -Knounroll,noswp " "-Kfast,nounroll,noswp " "-Kfast "
++ CFLAGS='-Kfast  -Kopenmp -w '
++ mpifcc -c -Kfast -Kopenmp -w sub.c
++ mpiFCC -O2 -Kopenmp -Nnofjprof -Nfjomplib -w main.o sub.o -L/usr/lib64 -lpapi -lpfm -L/home/g9200002/u92028/pmlib/usr_local_pmlib/fugaku/lib -lPMmpi -lpapi_ext -lmpi
++ mpirun -np 1 ./a.out
jwe1050i-w The hardware barrier couldn't be used and continues processing using the software barrier.
taken to (standard) corrective action, execution continuing.
<main> npes=1 max_threads=1
step 16384 finished in 0.216933 seconds
The counted events are:
#0, 40000026                     FP_DP_SCALE_OPS_SPEC  0
#1, 40000027                     FP_DP_FIXED_OPS_SPEC  0
#2, 40000024                     FP_SP_SCALE_OPS_SPEC  504000000
#3, 40000025                     FP_SP_FIXED_OPS_SPEC  0
#4, 40000028                          FLA_VAL_PRD_CNT  344939136
#5, 40000029                          FLB_VAL_PRD_CNT  658328040
