Currently Loaded Modulefiles:
 1) lang/tcsds-1.2.24(default)  
++ date
Sat Mar 21 23:47:58 JST 2020
++ hostname
a27-7014c
++ SRCDIR=/home/g9200002/u92028/papi/scripts.fugaku/src_others
++ WKDIR=/home/g9200002/u92028/papi/scripts.fugaku/check_dir
++ mkdir -p /home/g9200002/u92028/papi/scripts.fugaku/check_dir
++ cd /home/g9200002/u92028/papi/scripts.fugaku/check_dir
++ '[' 0 '!=' 0 ']'
++ rm /home/g9200002/u92028/papi/scripts.fugaku/check_dir/a.out /home/g9200002/u92028/papi/scripts.fugaku/check_dir/main.c /home/g9200002/u92028/papi/scripts.fugaku/check_dir/main.o
++ cp /home/g9200002/u92028/papi/scripts.fugaku/src_others/call_papi_hl_flops.c main.c
++ CXXFLAGS='-O2 -Kopenmp -Nnofjprof -Nfjomplib -w '
++ FCFLAGS='-O2 -Kopenmp -Nnofjprof -Nfjomplib -w '
++ CFLAGS='-O2 -Kopenmp -Nnofjprof -Nfjomplib -w '
++ PAPI_DIR=/opt/FJSVxos/devkit/aarch64/rfs/usr
++ PAPI_LDFLAGS='-L/opt/FJSVxos/devkit/aarch64/rfs/usr/lib64 -lpapi -lpfm '
++ PAPI_INCLUDES='-I/opt/FJSVxos/devkit/aarch64/rfs/usr/include '
++ MPI_LDFLAGS='-lmpi '
++ set -x
++ mpifcc -c -O2 -Kopenmp -Nnofjprof -Nfjomplib -w main.c -I/opt/FJSVxos/devkit/aarch64/rfs/usr/include
++ mpiFCC -O2 -Kopenmp -Nnofjprof -Nfjomplib -w main.o -L/opt/FJSVxos/devkit/aarch64/rfs/usr/lib64 -lpapi -lpfm -lmpi
++ ls -go
total 2
-rwxr-xr-x 1 88656 Mar 21 23:48 a.out
-rw-r--r-- 1  2649 Mar 21 23:47 main.c
-rw-r--r-- 1 15592 Mar 21 23:47 main.o
++ xospastop
++ export OMP_NUM_THREADS=12
++ OMP_NUM_THREADS=12
++ mpirun -np 1 ./a.out
<main> MATSIZE=1000 max_threads=12
<PAPI_library_init> returned 84279296
<PAPI_thread_init> returned 0
step 1 finished in 3.213902 seconds
step 2 finished in 3.213953 seconds
step 3 finished in 3.214001 seconds
step 4 finished in 3.213939 seconds
step 5 finished in 3.213900 seconds
exact flop count is :     20000000000 
FLOP fp1: 16.077337 fp2: 16.077204 ip3: 1664766275 fp4: 104.795815
FLOP fp1: 16.077337 fp2: 16.077204 ip3: 1664766275 fp4: 104.795815
FLOP fp1: 16.077337 fp2: 16.077204 ip3: 1664766275 fp4: 104.795815
FLOP fp1: 16.077337 fp2: 16.077204 ip3: 1664766275 fp4: 104.795815
FLOP fp1: 16.077337 fp2: 16.077204 ip3: 1664766275 fp4: 104.795815
FLOP fp1: 16.077337 fp2: 16.077204 ip3: 1664766275 fp4: 104.795815
FLOP fp1: 16.077337 fp2: 16.077204 ip3: 1664766275 fp4: 104.795815
FLOP fp1: 16.077337 fp2: 16.077204 ip3: 1664766275 fp4: 104.795815
FLOP fp1: 16.077337 fp2: 16.077204 ip3: 1664766275 fp4: 104.795815
FLOP fp1: 16.077337 fp2: 16.077204 ip3: 1664766275 fp4: 104.795815
FLOP fp1: 16.077337 fp2: 16.077204 ip3: 1664766275 fp4: 104.795815
FLOP fp1: 16.077337 fp2: 16.077204 ip3: 1664766275 fp4: 104.795815
FLOP RealT: 0.000000 ProcT: 0.000000 Flpops: 19977195300 MFlops: 1257.549805
